CRITICAL - 2022-02-24 10:03:25 --> Invalid file: Navbar/NavbarView.php
#0 C:\xampp\htdocs\Arsip\system\View\View.php(198): CodeIgniter\Exceptions\FrameworkException::forInvalidFile('Navbar/NavbarVi...')
#1 C:\xampp\htdocs\Arsip\system\View\View.php(424): CodeIgniter\View\View->render('Navbar/NavbarVi...', NULL, true)
#2 C:\xampp\htdocs\Arsip\app\Views\DashboardLayout\DashboardView.php(52): CodeIgniter\View\View->include('Navbar/NavbarVi...')
#3 C:\xampp\htdocs\Arsip\system\View\View.php(210): include('C:\\xampp\\htdocs...')
#4 C:\xampp\htdocs\Arsip\system\View\View.php(213): CodeIgniter\View\View->CodeIgniter\View\{closure}()
#5 C:\xampp\htdocs\Arsip\system\Common.php(1089): CodeIgniter\View\View->render('DashboardLayout...', Array, true)
#6 C:\xampp\htdocs\Arsip\app\Controllers\Dashboard.php(9): view('DashboardLayout...')
#7 C:\xampp\htdocs\Arsip\system\CodeIgniter.php(825): App\Controllers\Dashboard->index()
#8 C:\xampp\htdocs\Arsip\system\CodeIgniter.php(412): CodeIgniter\CodeIgniter->runController(Object(App\Controllers\Dashboard))
#9 C:\xampp\htdocs\Arsip\system\CodeIgniter.php(320): CodeIgniter\CodeIgniter->handleRequest(NULL, Object(Config\Cache), false)
#10 C:\xampp\htdocs\Arsip\public\index.php(37): CodeIgniter\CodeIgniter->run()
#11 C:\xampp\htdocs\Arsip\system\Commands\Server\rewrite.php(43): require_once('C:\\xampp\\htdocs...')
#12 {main}
CRITICAL - 2022-02-24 10:06:44 --> Invalid file: sidebar.php
#0 C:\xampp\htdocs\Arsip\system\View\View.php(198): CodeIgniter\Exceptions\FrameworkException::forInvalidFile('sidebar.php')
#1 C:\xampp\htdocs\Arsip\system\View\View.php(424): CodeIgniter\View\View->render('sidebar', NULL, true)
#2 C:\xampp\htdocs\Arsip\app\Views\KategoriArsip\KategoriArsipView.php(6): CodeIgniter\View\View->include('sidebar')
#3 C:\xampp\htdocs\Arsip\system\View\View.php(210): include('C:\\xampp\\htdocs...')
#4 C:\xampp\htdocs\Arsip\system\View\View.php(213): CodeIgniter\View\View->CodeIgniter\View\{closure}()
#5 C:\xampp\htdocs\Arsip\system\Common.php(1089): CodeIgniter\View\View->render('KategoriArsip/K...', Array, true)
#6 C:\xampp\htdocs\Arsip\app\Controllers\KategoriArsip.php(9): view('KategoriArsip/K...')
#7 C:\xampp\htdocs\Arsip\system\CodeIgniter.php(825): App\Controllers\KategoriArsip->index()
#8 C:\xampp\htdocs\Arsip\system\CodeIgniter.php(412): CodeIgniter\CodeIgniter->runController(Object(App\Controllers\KategoriArsip))
#9 C:\xampp\htdocs\Arsip\system\CodeIgniter.php(320): CodeIgniter\CodeIgniter->handleRequest(NULL, Object(Config\Cache), false)
#10 C:\xampp\htdocs\Arsip\public\index.php(37): CodeIgniter\CodeIgniter->run()
#11 C:\xampp\htdocs\Arsip\system\Commands\Server\rewrite.php(43): require_once('C:\\xampp\\htdocs...')
#12 {main}
CRITICAL - 2022-02-24 10:12:07 --> Undefined variable: title
#0 C:\xampp\htdocs\Arsip\app\Views\DashboardLayout\DashboardView.php(57): CodeIgniter\Debug\Exceptions->errorHandler(8, 'Undefined varia...', 'C:\\xampp\\htdocs...', 57, Array)
#1 C:\xampp\htdocs\Arsip\system\View\View.php(210): include('C:\\xampp\\htdocs...')
#2 C:\xampp\htdocs\Arsip\system\View\View.php(213): CodeIgniter\View\View->CodeIgniter\View\{closure}()
#3 C:\xampp\htdocs\Arsip\system\View\View.php(226): CodeIgniter\View\View->render('DashboardLayout...', Array, true)
#4 C:\xampp\htdocs\Arsip\system\Common.php(1089): CodeIgniter\View\View->render('KategoriArsip/K...', Array, true)
#5 C:\xampp\htdocs\Arsip\app\Controllers\KategoriArsip.php(12): view('KategoriArsip/K...')
#6 C:\xampp\htdocs\Arsip\system\CodeIgniter.php(825): App\Controllers\KategoriArsip->index()
#7 C:\xampp\htdocs\Arsip\system\CodeIgniter.php(412): CodeIgniter\CodeIgniter->runController(Object(App\Controllers\KategoriArsip))
#8 C:\xampp\htdocs\Arsip\system\CodeIgniter.php(320): CodeIgniter\CodeIgniter->handleRequest(NULL, Object(Config\Cache), false)
#9 C:\xampp\htdocs\Arsip\public\index.php(37): CodeIgniter\CodeIgniter->run()
#10 C:\xampp\htdocs\Arsip\system\Commands\Server\rewrite.php(43): require_once('C:\\xampp\\htdocs...')
#11 {main}
CRITICAL - 2022-02-24 10:30:32 --> Undefined variable: dataUser
#0 C:\xampp\htdocs\Arsip\app\Views\DashboardLayout\DashboardView.php(39): CodeIgniter\Debug\Exceptions->errorHandler(8, 'Undefined varia...', 'C:\\xampp\\htdocs...', 39, Array)
#1 C:\xampp\htdocs\Arsip\system\View\View.php(210): include('C:\\xampp\\htdocs...')
#2 C:\xampp\htdocs\Arsip\system\View\View.php(213): CodeIgniter\View\View->CodeIgniter\View\{closure}()
#3 C:\xampp\htdocs\Arsip\system\View\View.php(226): CodeIgniter\View\View->render('DashboardLayout...', Array, true)
#4 C:\xampp\htdocs\Arsip\system\Common.php(1089): CodeIgniter\View\View->render('KategoriArsip/T...', Array, true)
#5 C:\xampp\htdocs\Arsip\app\Controllers\KategoriArsip.php(27): view('KategoriArsip/T...')
#6 C:\xampp\htdocs\Arsip\system\CodeIgniter.php(825): App\Controllers\KategoriArsip->tambahData()
#7 C:\xampp\htdocs\Arsip\system\CodeIgniter.php(412): CodeIgniter\CodeIgniter->runController(Object(App\Controllers\KategoriArsip))
#8 C:\xampp\htdocs\Arsip\system\CodeIgniter.php(320): CodeIgniter\CodeIgniter->handleRequest(NULL, Object(Config\Cache), false)
#9 C:\xampp\htdocs\Arsip\public\index.php(37): CodeIgniter\CodeIgniter->run()
#10 C:\xampp\htdocs\Arsip\system\Commands\Server\rewrite.php(43): require_once('C:\\xampp\\htdocs...')
#11 {main}
CRITICAL - 2022-02-24 10:30:51 --> Undefined variable: dataUser
#0 C:\xampp\htdocs\Arsip\app\Views\DashboardLayout\DashboardView.php(39): CodeIgniter\Debug\Exceptions->errorHandler(8, 'Undefined varia...', 'C:\\xampp\\htdocs...', 39, Array)
#1 C:\xampp\htdocs\Arsip\system\View\View.php(210): include('C:\\xampp\\htdocs...')
#2 C:\xampp\htdocs\Arsip\system\View\View.php(213): CodeIgniter\View\View->CodeIgniter\View\{closure}()
#3 C:\xampp\htdocs\Arsip\system\View\View.php(226): CodeIgniter\View\View->render('DashboardLayout...', Array, true)
#4 C:\xampp\htdocs\Arsip\system\Common.php(1089): CodeIgniter\View\View->render('KategoriArsip/T...', Array, true)
#5 C:\xampp\htdocs\Arsip\app\Controllers\KategoriArsip.php(31): view('KategoriArsip/T...')
#6 C:\xampp\htdocs\Arsip\system\CodeIgniter.php(825): App\Controllers\KategoriArsip->tambahData()
#7 C:\xampp\htdocs\Arsip\system\CodeIgniter.php(412): CodeIgniter\CodeIgniter->runController(Object(App\Controllers\KategoriArsip))
#8 C:\xampp\htdocs\Arsip\system\CodeIgniter.php(320): CodeIgniter\CodeIgniter->handleRequest(NULL, Object(Config\Cache), false)
#9 C:\xampp\htdocs\Arsip\public\index.php(37): CodeIgniter\CodeIgniter->run()
#10 C:\xampp\htdocs\Arsip\system\Commands\Server\rewrite.php(43): require_once('C:\\xampp\\htdocs...')
#11 {main}
CRITICAL - 2022-02-24 10:30:53 --> Undefined variable: dataUser
#0 C:\xampp\htdocs\Arsip\app\Views\DashboardLayout\DashboardView.php(39): CodeIgniter\Debug\Exceptions->errorHandler(8, 'Undefined varia...', 'C:\\xampp\\htdocs...', 39, Array)
#1 C:\xampp\htdocs\Arsip\system\View\View.php(210): include('C:\\xampp\\htdocs...')
#2 C:\xampp\htdocs\Arsip\system\View\View.php(213): CodeIgniter\View\View->CodeIgniter\View\{closure}()
#3 C:\xampp\htdocs\Arsip\system\View\View.php(226): CodeIgniter\View\View->render('DashboardLayout...', Array, true)
#4 C:\xampp\htdocs\Arsip\system\Common.php(1089): CodeIgniter\View\View->render('KategoriArsip/T...', Array, true)
#5 C:\xampp\htdocs\Arsip\app\Controllers\KategoriArsip.php(31): view('KategoriArsip/T...')
#6 C:\xampp\htdocs\Arsip\system\CodeIgniter.php(825): App\Controllers\KategoriArsip->tambahData()
#7 C:\xampp\htdocs\Arsip\system\CodeIgniter.php(412): CodeIgniter\CodeIgniter->runController(Object(App\Controllers\KategoriArsip))
#8 C:\xampp\htdocs\Arsip\system\CodeIgniter.php(320): CodeIgniter\CodeIgniter->handleRequest(NULL, Object(Config\Cache), false)
#9 C:\xampp\htdocs\Arsip\public\index.php(37): CodeIgniter\CodeIgniter->run()
#10 C:\xampp\htdocs\Arsip\system\Commands\Server\rewrite.php(43): require_once('C:\\xampp\\htdocs...')
#11 {main}
CRITICAL - 2022-02-24 10:30:54 --> Undefined variable: dataUser
#0 C:\xampp\htdocs\Arsip\app\Views\DashboardLayout\DashboardView.php(39): CodeIgniter\Debug\Exceptions->errorHandler(8, 'Undefined varia...', 'C:\\xampp\\htdocs...', 39, Array)
#1 C:\xampp\htdocs\Arsip\system\View\View.php(210): include('C:\\xampp\\htdocs...')
#2 C:\xampp\htdocs\Arsip\system\View\View.php(213): CodeIgniter\View\View->CodeIgniter\View\{closure}()
#3 C:\xampp\htdocs\Arsip\system\View\View.php(226): CodeIgniter\View\View->render('DashboardLayout...', Array, true)
#4 C:\xampp\htdocs\Arsip\system\Common.php(1089): CodeIgniter\View\View->render('KategoriArsip/T...', Array, true)
#5 C:\xampp\htdocs\Arsip\app\Controllers\KategoriArsip.php(31): view('KategoriArsip/T...')
#6 C:\xampp\htdocs\Arsip\system\CodeIgniter.php(825): App\Controllers\KategoriArsip->tambahData()
#7 C:\xampp\htdocs\Arsip\system\CodeIgniter.php(412): CodeIgniter\CodeIgniter->runController(Object(App\Controllers\KategoriArsip))
#8 C:\xampp\htdocs\Arsip\system\CodeIgniter.php(320): CodeIgniter\CodeIgniter->handleRequest(NULL, Object(Config\Cache), false)
#9 C:\xampp\htdocs\Arsip\public\index.php(37): CodeIgniter\CodeIgniter->run()
#10 C:\xampp\htdocs\Arsip\system\Commands\Server\rewrite.php(43): require_once('C:\\xampp\\htdocs...')
#11 {main}
CRITICAL - 2022-02-24 10:30:54 --> Undefined variable: dataUser
#0 C:\xampp\htdocs\Arsip\app\Views\DashboardLayout\DashboardView.php(39): CodeIgniter\Debug\Exceptions->errorHandler(8, 'Undefined varia...', 'C:\\xampp\\htdocs...', 39, Array)
#1 C:\xampp\htdocs\Arsip\system\View\View.php(210): include('C:\\xampp\\htdocs...')
#2 C:\xampp\htdocs\Arsip\system\View\View.php(213): CodeIgniter\View\View->CodeIgniter\View\{closure}()
#3 C:\xampp\htdocs\Arsip\system\View\View.php(226): CodeIgniter\View\View->render('DashboardLayout...', Array, true)
#4 C:\xampp\htdocs\Arsip\system\Common.php(1089): CodeIgniter\View\View->render('KategoriArsip/T...', Array, true)
#5 C:\xampp\htdocs\Arsip\app\Controllers\KategoriArsip.php(31): view('KategoriArsip/T...')
#6 C:\xampp\htdocs\Arsip\system\CodeIgniter.php(825): App\Controllers\KategoriArsip->tambahData()
#7 C:\xampp\htdocs\Arsip\system\CodeIgniter.php(412): CodeIgniter\CodeIgniter->runController(Object(App\Controllers\KategoriArsip))
#8 C:\xampp\htdocs\Arsip\system\CodeIgniter.php(320): CodeIgniter\CodeIgniter->handleRequest(NULL, Object(Config\Cache), false)
#9 C:\xampp\htdocs\Arsip\public\index.php(37): CodeIgniter\CodeIgniter->run()
#10 C:\xampp\htdocs\Arsip\system\Commands\Server\rewrite.php(43): require_once('C:\\xampp\\htdocs...')
#11 {main}
CRITICAL - 2022-02-24 10:30:55 --> Undefined variable: dataUser
#0 C:\xampp\htdocs\Arsip\app\Views\DashboardLayout\DashboardView.php(39): CodeIgniter\Debug\Exceptions->errorHandler(8, 'Undefined varia...', 'C:\\xampp\\htdocs...', 39, Array)
#1 C:\xampp\htdocs\Arsip\system\View\View.php(210): include('C:\\xampp\\htdocs...')
#2 C:\xampp\htdocs\Arsip\system\View\View.php(213): CodeIgniter\View\View->CodeIgniter\View\{closure}()
#3 C:\xampp\htdocs\Arsip\system\View\View.php(226): CodeIgniter\View\View->render('DashboardLayout...', Array, true)
#4 C:\xampp\htdocs\Arsip\system\Common.php(1089): CodeIgniter\View\View->render('KategoriArsip/T...', Array, true)
#5 C:\xampp\htdocs\Arsip\app\Controllers\KategoriArsip.php(31): view('KategoriArsip/T...')
#6 C:\xampp\htdocs\Arsip\system\CodeIgniter.php(825): App\Controllers\KategoriArsip->tambahData()
#7 C:\xampp\htdocs\Arsip\system\CodeIgniter.php(412): CodeIgniter\CodeIgniter->runController(Object(App\Controllers\KategoriArsip))
#8 C:\xampp\htdocs\Arsip\system\CodeIgniter.php(320): CodeIgniter\CodeIgniter->handleRequest(NULL, Object(Config\Cache), false)
#9 C:\xampp\htdocs\Arsip\public\index.php(37): CodeIgniter\CodeIgniter->run()
#10 C:\xampp\htdocs\Arsip\system\Commands\Server\rewrite.php(43): require_once('C:\\xampp\\htdocs...')
#11 {main}
CRITICAL - 2022-02-24 11:29:33 --> There is no data to update.
#0 C:\xampp\htdocs\Arsip\system\BaseModel.php(1574): CodeIgniter\Database\Exceptions\DataException::forEmptyDataset('update')
#1 C:\xampp\htdocs\Arsip\system\BaseModel.php(832): CodeIgniter\BaseModel->transformDataToArray(NULL, 'update')
#2 C:\xampp\htdocs\Arsip\system\Model.php(651): CodeIgniter\BaseModel->update(Array, NULL)
#3 C:\xampp\htdocs\Arsip\app\Controllers\KategoriArsip.php(100): CodeIgniter\Model->update(Array)
#4 C:\xampp\htdocs\Arsip\system\CodeIgniter.php(825): App\Controllers\KategoriArsip->dataEditKategori()
#5 C:\xampp\htdocs\Arsip\system\CodeIgniter.php(412): CodeIgniter\CodeIgniter->runController(Object(App\Controllers\KategoriArsip))
#6 C:\xampp\htdocs\Arsip\system\CodeIgniter.php(320): CodeIgniter\CodeIgniter->handleRequest(NULL, Object(Config\Cache), false)
#7 C:\xampp\htdocs\Arsip\public\index.php(37): CodeIgniter\CodeIgniter->run()
#8 C:\xampp\htdocs\Arsip\system\Commands\Server\rewrite.php(43): require_once('C:\\xampp\\htdocs...')
#9 {main}
CRITICAL - 2022-02-24 20:37:38 --> Undefined index: kode
#0 C:\xampp\htdocs\Arsip\app\Views\PerkembanganArsip\PerkembanganArsipView.php(31): CodeIgniter\Debug\Exceptions->errorHandler(8, 'Undefined index...', 'C:\\xampp\\htdocs...', 31, Array)
#1 C:\xampp\htdocs\Arsip\system\View\View.php(210): include('C:\\xampp\\htdocs...')
#2 C:\xampp\htdocs\Arsip\system\View\View.php(213): CodeIgniter\View\View->CodeIgniter\View\{closure}()
#3 C:\xampp\htdocs\Arsip\system\Common.php(1089): CodeIgniter\View\View->render('PerkembanganArs...', Array, true)
#4 C:\xampp\htdocs\Arsip\app\Controllers\PerkembanganArsip.php(41): view('PerkembanganArs...', Array)
#5 C:\xampp\htdocs\Arsip\system\CodeIgniter.php(825): App\Controllers\PerkembanganArsip->index()
#6 C:\xampp\htdocs\Arsip\system\CodeIgniter.php(412): CodeIgniter\CodeIgniter->runController(Object(App\Controllers\PerkembanganArsip))
#7 C:\xampp\htdocs\Arsip\system\CodeIgniter.php(320): CodeIgniter\CodeIgniter->handleRequest(NULL, Object(Config\Cache), false)
#8 C:\xampp\htdocs\Arsip\public\index.php(37): CodeIgniter\CodeIgniter->run()
#9 C:\xampp\htdocs\Arsip\system\Commands\Server\rewrite.php(43): require_once('C:\\xampp\\htdocs...')
#10 {main}
CRITICAL - 2022-02-24 20:37:54 --> Undefined index: id_klasifikasi
#0 C:\xampp\htdocs\Arsip\app\Views\PerkembanganArsip\PerkembanganArsipView.php(35): CodeIgniter\Debug\Exceptions->errorHandler(8, 'Undefined index...', 'C:\\xampp\\htdocs...', 35, Array)
#1 C:\xampp\htdocs\Arsip\system\View\View.php(210): include('C:\\xampp\\htdocs...')
#2 C:\xampp\htdocs\Arsip\system\View\View.php(213): CodeIgniter\View\View->CodeIgniter\View\{closure}()
#3 C:\xampp\htdocs\Arsip\system\Common.php(1089): CodeIgniter\View\View->render('PerkembanganArs...', Array, true)
#4 C:\xampp\htdocs\Arsip\app\Controllers\PerkembanganArsip.php(41): view('PerkembanganArs...', Array)
#5 C:\xampp\htdocs\Arsip\system\CodeIgniter.php(825): App\Controllers\PerkembanganArsip->index()
#6 C:\xampp\htdocs\Arsip\system\CodeIgniter.php(412): CodeIgniter\CodeIgniter->runController(Object(App\Controllers\PerkembanganArsip))
#7 C:\xampp\htdocs\Arsip\system\CodeIgniter.php(320): CodeIgniter\CodeIgniter->handleRequest(NULL, Object(Config\Cache), false)
#8 C:\xampp\htdocs\Arsip\public\index.php(37): CodeIgniter\CodeIgniter->run()
#9 C:\xampp\htdocs\Arsip\system\Commands\Server\rewrite.php(43): require_once('C:\\xampp\\htdocs...')
#10 {main}
ERROR - 2022-02-24 20:40:32 --> Duplicate entry '' for key 'id_perkembangan_unique'
CRITICAL - 2022-02-24 20:40:32 --> Duplicate entry '' for key 'id_perkembangan_unique'
#0 C:\xampp\htdocs\Arsip\system\Database\MySQLi\Connection.php(292): mysqli->query('INSERT INTO `tb...', 0)
#1 C:\xampp\htdocs\Arsip\system\Database\BaseConnection.php(670): CodeIgniter\Database\MySQLi\Connection->execute('INSERT INTO `tb...')
#2 C:\xampp\htdocs\Arsip\system\Database\BaseConnection.php(598): CodeIgniter\Database\BaseConnection->simpleQuery('INSERT INTO `tb...')
#3 C:\xampp\htdocs\Arsip\system\Database\BaseBuilder.php(1771): CodeIgniter\Database\BaseConnection->query('INSERT INTO `tb...', Array, false)
#4 C:\xampp\htdocs\Arsip\system\Model.php(239): CodeIgniter\Database\BaseBuilder->insert()
#5 C:\xampp\htdocs\Arsip\system\BaseModel.php(738): CodeIgniter\Model->doInsert(Array)
#6 C:\xampp\htdocs\Arsip\system\Model.php(625): CodeIgniter\BaseModel->insert(Array, true)
#7 C:\xampp\htdocs\Arsip\app\Controllers\PerkembanganArsip.php(63): CodeIgniter\Model->insert(Array)
#8 C:\xampp\htdocs\Arsip\system\CodeIgniter.php(825): App\Controllers\PerkembanganArsip->getDataPerkembangan()
#9 C:\xampp\htdocs\Arsip\system\CodeIgniter.php(412): CodeIgniter\CodeIgniter->runController(Object(App\Controllers\PerkembanganArsip))
#10 C:\xampp\htdocs\Arsip\system\CodeIgniter.php(320): CodeIgniter\CodeIgniter->handleRequest(NULL, Object(Config\Cache), false)
#11 C:\xampp\htdocs\Arsip\public\index.php(37): CodeIgniter\CodeIgniter->run()
#12 C:\xampp\htdocs\Arsip\system\Commands\Server\rewrite.php(43): require_once('C:\\xampp\\htdocs...')
#13 {main}
ERROR - 2022-02-24 20:40:42 --> Duplicate entry '' for key 'id_perkembangan_unique'
CRITICAL - 2022-02-24 20:40:42 --> Duplicate entry '' for key 'id_perkembangan_unique'
#0 C:\xampp\htdocs\Arsip\system\Database\MySQLi\Connection.php(292): mysqli->query('INSERT INTO `tb...', 0)
#1 C:\xampp\htdocs\Arsip\system\Database\BaseConnection.php(670): CodeIgniter\Database\MySQLi\Connection->execute('INSERT INTO `tb...')
#2 C:\xampp\htdocs\Arsip\system\Database\BaseConnection.php(598): CodeIgniter\Database\BaseConnection->simpleQuery('INSERT INTO `tb...')
#3 C:\xampp\htdocs\Arsip\system\Database\BaseBuilder.php(1771): CodeIgniter\Database\BaseConnection->query('INSERT INTO `tb...', Array, false)
#4 C:\xampp\htdocs\Arsip\system\Model.php(239): CodeIgniter\Database\BaseBuilder->insert()
#5 C:\xampp\htdocs\Arsip\system\BaseModel.php(738): CodeIgniter\Model->doInsert(Array)
#6 C:\xampp\htdocs\Arsip\system\Model.php(625): CodeIgniter\BaseModel->insert(Array, true)
#7 C:\xampp\htdocs\Arsip\app\Controllers\PerkembanganArsip.php(63): CodeIgniter\Model->insert(Array)
#8 C:\xampp\htdocs\Arsip\system\CodeIgniter.php(825): App\Controllers\PerkembanganArsip->getDataPerkembangan()
#9 C:\xampp\htdocs\Arsip\system\CodeIgniter.php(412): CodeIgniter\CodeIgniter->runController(Object(App\Controllers\PerkembanganArsip))
#10 C:\xampp\htdocs\Arsip\system\CodeIgniter.php(320): CodeIgniter\CodeIgniter->handleRequest(NULL, Object(Config\Cache), false)
#11 C:\xampp\htdocs\Arsip\public\index.php(37): CodeIgniter\CodeIgniter->run()
#12 C:\xampp\htdocs\Arsip\system\Commands\Server\rewrite.php(43): require_once('C:\\xampp\\htdocs...')
#13 {main}
ERROR - 2022-02-24 20:41:11 --> Duplicate entry '' for key 'id_perkembangan_unique'
CRITICAL - 2022-02-24 20:41:11 --> Duplicate entry '' for key 'id_perkembangan_unique'
#0 C:\xampp\htdocs\Arsip\system\Database\MySQLi\Connection.php(292): mysqli->query('INSERT INTO `tb...', 0)
#1 C:\xampp\htdocs\Arsip\system\Database\BaseConnection.php(670): CodeIgniter\Database\MySQLi\Connection->execute('INSERT INTO `tb...')
#2 C:\xampp\htdocs\Arsip\system\Database\BaseConnection.php(598): CodeIgniter\Database\BaseConnection->simpleQuery('INSERT INTO `tb...')
#3 C:\xampp\htdocs\Arsip\system\Database\BaseBuilder.php(1771): CodeIgniter\Database\BaseConnection->query('INSERT INTO `tb...', Array, false)
#4 C:\xampp\htdocs\Arsip\system\Model.php(239): CodeIgniter\Database\BaseBuilder->insert()
#5 C:\xampp\htdocs\Arsip\system\BaseModel.php(738): CodeIgniter\Model->doInsert(Array)
#6 C:\xampp\htdocs\Arsip\system\Model.php(625): CodeIgniter\BaseModel->insert(Array, true)
#7 C:\xampp\htdocs\Arsip\app\Controllers\PerkembanganArsip.php(63): CodeIgniter\Model->insert(Array)
#8 C:\xampp\htdocs\Arsip\system\CodeIgniter.php(825): App\Controllers\PerkembanganArsip->getDataPerkembangan()
#9 C:\xampp\htdocs\Arsip\system\CodeIgniter.php(412): CodeIgniter\CodeIgniter->runController(Object(App\Controllers\PerkembanganArsip))
#10 C:\xampp\htdocs\Arsip\system\CodeIgniter.php(320): CodeIgniter\CodeIgniter->handleRequest(NULL, Object(Config\Cache), false)
#11 C:\xampp\htdocs\Arsip\public\index.php(37): CodeIgniter\CodeIgniter->run()
#12 C:\xampp\htdocs\Arsip\system\Commands\Server\rewrite.php(43): require_once('C:\\xampp\\htdocs...')
#13 {main}
CRITICAL - 2022-02-24 20:47:55 --> Undefined variable: detailPerkembangan
#0 C:\xampp\htdocs\Arsip\app\Views\PerkembanganArsip\EditDataPerkembanganView.php(15): CodeIgniter\Debug\Exceptions->errorHandler(8, 'Undefined varia...', 'C:\\xampp\\htdocs...', 15, Array)
#1 C:\xampp\htdocs\Arsip\system\View\View.php(210): include('C:\\xampp\\htdocs...')
#2 C:\xampp\htdocs\Arsip\system\View\View.php(213): CodeIgniter\View\View->CodeIgniter\View\{closure}()
#3 C:\xampp\htdocs\Arsip\system\Common.php(1089): CodeIgniter\View\View->render('PerkembanganArs...', Array, true)
#4 C:\xampp\htdocs\Arsip\app\Controllers\PerkembanganArsip.php(94): view('PerkembanganArs...', Array)
#5 C:\xampp\htdocs\Arsip\system\CodeIgniter.php(825): App\Controllers\PerkembanganArsip->editData('PERKEMBANGAN-62...')
#6 C:\xampp\htdocs\Arsip\system\CodeIgniter.php(412): CodeIgniter\CodeIgniter->runController(Object(App\Controllers\PerkembanganArsip))
#7 C:\xampp\htdocs\Arsip\system\CodeIgniter.php(320): CodeIgniter\CodeIgniter->handleRequest(NULL, Object(Config\Cache), false)
#8 C:\xampp\htdocs\Arsip\public\index.php(37): CodeIgniter\CodeIgniter->run()
#9 C:\xampp\htdocs\Arsip\system\Commands\Server\rewrite.php(43): require_once('C:\\xampp\\htdocs...')
#10 {main}
CRITICAL - 2022-02-24 21:19:11 --> Undefined property: App\Controllers\PerkembanganArsip::$klasifikasiModel
#0 C:\xampp\htdocs\Arsip\app\Controllers\PerkembanganArsip.php(108): CodeIgniter\Debug\Exceptions->errorHandler(8, 'Undefined prope...', 'C:\\xampp\\htdocs...', 108, Array)
#1 C:\xampp\htdocs\Arsip\system\CodeIgniter.php(825): App\Controllers\PerkembanganArsip->dataEditPerkembangan()
#2 C:\xampp\htdocs\Arsip\system\CodeIgniter.php(412): CodeIgniter\CodeIgniter->runController(Object(App\Controllers\PerkembanganArsip))
#3 C:\xampp\htdocs\Arsip\system\CodeIgniter.php(320): CodeIgniter\CodeIgniter->handleRequest(NULL, Object(Config\Cache), false)
#4 C:\xampp\htdocs\Arsip\public\index.php(37): CodeIgniter\CodeIgniter->run()
#5 C:\xampp\htdocs\Arsip\system\Commands\Server\rewrite.php(43): require_once('C:\\xampp\\htdocs...')
#6 {main}
CRITICAL - 2022-02-24 22:12:16 --> Undefined variable: dataRetensi
#0 C:\xampp\htdocs\Arsip\app\Views\RetensiArsip\EditDataRetensiView.php(17): CodeIgniter\Debug\Exceptions->errorHandler(8, 'Undefined varia...', 'C:\\xampp\\htdocs...', 17, Array)
#1 C:\xampp\htdocs\Arsip\system\View\View.php(210): include('C:\\xampp\\htdocs...')
#2 C:\xampp\htdocs\Arsip\system\View\View.php(213): CodeIgniter\View\View->CodeIgniter\View\{closure}()
#3 C:\xampp\htdocs\Arsip\system\Common.php(1089): CodeIgniter\View\View->render('RetensiArsip/Ed...', Array, true)
#4 C:\xampp\htdocs\Arsip\app\Controllers\RetensiArsip.php(73): view('RetensiArsip/Ed...', Array)
#5 C:\xampp\htdocs\Arsip\system\CodeIgniter.php(825): App\Controllers\RetensiArsip->editData('RETENSI-62179e8...')
#6 C:\xampp\htdocs\Arsip\system\CodeIgniter.php(412): CodeIgniter\CodeIgniter->runController(Object(App\Controllers\RetensiArsip))
#7 C:\xampp\htdocs\Arsip\system\CodeIgniter.php(320): CodeIgniter\CodeIgniter->handleRequest(NULL, Object(Config\Cache), false)
#8 C:\xampp\htdocs\Arsip\public\index.php(37): CodeIgniter\CodeIgniter->run()
#9 C:\xampp\htdocs\Arsip\system\Commands\Server\rewrite.php(43): require_once('C:\\xampp\\htdocs...')
#10 {main}
CRITICAL - 2022-02-24 22:17:22 --> Trying to access array offset on value of type null
#0 C:\xampp\htdocs\Arsip\app\Views\RetensiArsip\EditDataRetensiView.php(15): CodeIgniter\Debug\Exceptions->errorHandler(8, 'Trying to acces...', 'C:\\xampp\\htdocs...', 15, Array)
#1 C:\xampp\htdocs\Arsip\system\View\View.php(210): include('C:\\xampp\\htdocs...')
#2 C:\xampp\htdocs\Arsip\system\View\View.php(213): CodeIgniter\View\View->CodeIgniter\View\{closure}()
#3 C:\xampp\htdocs\Arsip\system\Common.php(1089): CodeIgniter\View\View->render('RetensiArsip/Ed...', Array, true)
#4 C:\xampp\htdocs\Arsip\app\Controllers\RetensiArsip.php(73): view('RetensiArsip/Ed...', Array)
#5 C:\xampp\htdocs\Arsip\system\CodeIgniter.php(825): App\Controllers\RetensiArsip->editData('RETENSI-6217a09...')
#6 C:\xampp\htdocs\Arsip\system\CodeIgniter.php(412): CodeIgniter\CodeIgniter->runController(Object(App\Controllers\RetensiArsip))
#7 C:\xampp\htdocs\Arsip\system\CodeIgniter.php(320): CodeIgniter\CodeIgniter->handleRequest(NULL, Object(Config\Cache), false)
#8 C:\xampp\htdocs\Arsip\public\index.php(37): CodeIgniter\CodeIgniter->run()
#9 C:\xampp\htdocs\Arsip\system\Commands\Server\rewrite.php(43): require_once('C:\\xampp\\htdocs...')
#10 {main}
