CRITICAL - 2022-02-26 21:13:46 --> Undefined index: nama_satuan
#0 C:\xampp\htdocs\Arsip\app\Views\SatuanArsip\SatuanArsipView.php(31): CodeIgniter\Debug\Exceptions->errorHandler(8, 'Undefined index...', 'C:\\xampp\\htdocs...', 31, Array)
#1 C:\xampp\htdocs\Arsip\system\View\View.php(210): include('C:\\xampp\\htdocs...')
#2 C:\xampp\htdocs\Arsip\system\View\View.php(213): CodeIgniter\View\View->CodeIgniter\View\{closure}()
#3 C:\xampp\htdocs\Arsip\system\Common.php(1089): CodeIgniter\View\View->render('SatuanArsip/Sat...', Array, true)
#4 C:\xampp\htdocs\Arsip\app\Controllers\SatuanArsip.php(31): view('SatuanArsip/Sat...', Array)
#5 C:\xampp\htdocs\Arsip\system\CodeIgniter.php(825): App\Controllers\SatuanArsip->index()
#6 C:\xampp\htdocs\Arsip\system\CodeIgniter.php(412): CodeIgniter\CodeIgniter->runController(Object(App\Controllers\SatuanArsip))
#7 C:\xampp\htdocs\Arsip\system\CodeIgniter.php(320): CodeIgniter\CodeIgniter->handleRequest(NULL, Object(Config\Cache), false)
#8 C:\xampp\htdocs\Arsip\public\index.php(37): CodeIgniter\CodeIgniter->run()
#9 C:\xampp\htdocs\Arsip\system\Commands\Server\rewrite.php(43): require_once('C:\\xampp\\htdocs...')
#10 {main}
CRITICAL - 2022-02-26 21:14:03 --> Undefined index: nama_satuan
#0 C:\xampp\htdocs\Arsip\app\Views\SatuanArsip\SatuanArsipView.php(31): CodeIgniter\Debug\Exceptions->errorHandler(8, 'Undefined index...', 'C:\\xampp\\htdocs...', 31, Array)
#1 C:\xampp\htdocs\Arsip\system\View\View.php(210): include('C:\\xampp\\htdocs...')
#2 C:\xampp\htdocs\Arsip\system\View\View.php(213): CodeIgniter\View\View->CodeIgniter\View\{closure}()
#3 C:\xampp\htdocs\Arsip\system\Common.php(1089): CodeIgniter\View\View->render('SatuanArsip/Sat...', Array, true)
#4 C:\xampp\htdocs\Arsip\app\Controllers\SatuanArsip.php(31): view('SatuanArsip/Sat...', Array)
#5 C:\xampp\htdocs\Arsip\system\CodeIgniter.php(825): App\Controllers\SatuanArsip->index()
#6 C:\xampp\htdocs\Arsip\system\CodeIgniter.php(412): CodeIgniter\CodeIgniter->runController(Object(App\Controllers\SatuanArsip))
#7 C:\xampp\htdocs\Arsip\system\CodeIgniter.php(320): CodeIgniter\CodeIgniter->handleRequest(NULL, Object(Config\Cache), false)
#8 C:\xampp\htdocs\Arsip\public\index.php(37): CodeIgniter\CodeIgniter->run()
#9 C:\xampp\htdocs\Arsip\system\Commands\Server\rewrite.php(43): require_once('C:\\xampp\\htdocs...')
#10 {main}
CRITICAL - 2022-02-26 21:14:26 --> Undefined index: nama_satuan
#0 C:\xampp\htdocs\Arsip\app\Views\SatuanArsip\SatuanArsipView.php(31): CodeIgniter\Debug\Exceptions->errorHandler(8, 'Undefined index...', 'C:\\xampp\\htdocs...', 31, Array)
#1 C:\xampp\htdocs\Arsip\system\View\View.php(210): include('C:\\xampp\\htdocs...')
#2 C:\xampp\htdocs\Arsip\system\View\View.php(213): CodeIgniter\View\View->CodeIgniter\View\{closure}()
#3 C:\xampp\htdocs\Arsip\system\Common.php(1089): CodeIgniter\View\View->render('SatuanArsip/Sat...', Array, true)
#4 C:\xampp\htdocs\Arsip\app\Controllers\SatuanArsip.php(31): view('SatuanArsip/Sat...', Array)
#5 C:\xampp\htdocs\Arsip\system\CodeIgniter.php(825): App\Controllers\SatuanArsip->index()
#6 C:\xampp\htdocs\Arsip\system\CodeIgniter.php(412): CodeIgniter\CodeIgniter->runController(Object(App\Controllers\SatuanArsip))
#7 C:\xampp\htdocs\Arsip\system\CodeIgniter.php(320): CodeIgniter\CodeIgniter->handleRequest(NULL, Object(Config\Cache), false)
#8 C:\xampp\htdocs\Arsip\public\index.php(37): CodeIgniter\CodeIgniter->run()
#9 C:\xampp\htdocs\Arsip\system\Commands\Server\rewrite.php(43): require_once('C:\\xampp\\htdocs...')
#10 {main}
CRITICAL - 2022-02-26 21:31:06 --> Undefined variable: pager
#0 C:\xampp\htdocs\Arsip\app\Views\SatuanArsip\SatuanArsipView.php(44): CodeIgniter\Debug\Exceptions->errorHandler(8, 'Undefined varia...', 'C:\\xampp\\htdocs...', 44, Array)
#1 C:\xampp\htdocs\Arsip\system\View\View.php(210): include('C:\\xampp\\htdocs...')
#2 C:\xampp\htdocs\Arsip\system\View\View.php(213): CodeIgniter\View\View->CodeIgniter\View\{closure}()
#3 C:\xampp\htdocs\Arsip\system\Common.php(1089): CodeIgniter\View\View->render('SatuanArsip/Sat...', Array, true)
#4 C:\xampp\htdocs\Arsip\app\Controllers\SatuanArsip.php(40): view('SatuanArsip/Sat...', Array)
#5 C:\xampp\htdocs\Arsip\system\CodeIgniter.php(825): App\Controllers\SatuanArsip->index()
#6 C:\xampp\htdocs\Arsip\system\CodeIgniter.php(412): CodeIgniter\CodeIgniter->runController(Object(App\Controllers\SatuanArsip))
#7 C:\xampp\htdocs\Arsip\system\CodeIgniter.php(320): CodeIgniter\CodeIgniter->handleRequest(NULL, Object(Config\Cache), false)
#8 C:\xampp\htdocs\Arsip\public\index.php(37): CodeIgniter\CodeIgniter->run()
#9 C:\xampp\htdocs\Arsip\system\Commands\Server\rewrite.php(43): require_once('C:\\xampp\\htdocs...')
#10 {main}
ERROR - 2022-02-26 21:37:19 --> Unknown column 'id_retensi' in 'where clause'
CRITICAL - 2022-02-26 21:37:19 --> Unknown column 'id_retensi' in 'where clause'
#0 C:\xampp\htdocs\Arsip\system\Database\MySQLi\Connection.php(292): mysqli->query('SELECT *\nFROM `...', 0)
#1 C:\xampp\htdocs\Arsip\system\Database\BaseConnection.php(670): CodeIgniter\Database\MySQLi\Connection->execute('SELECT *\nFROM `...')
#2 C:\xampp\htdocs\Arsip\system\Database\BaseConnection.php(598): CodeIgniter\Database\BaseConnection->simpleQuery('SELECT *\nFROM `...')
#3 C:\xampp\htdocs\Arsip\system\Database\BaseBuilder.php(1455): CodeIgniter\Database\BaseConnection->query('SELECT *\nFROM `...', Array, false)
#4 C:\xampp\htdocs\Arsip\system\Model.php(210): CodeIgniter\Database\BaseBuilder->get()
#5 C:\xampp\htdocs\Arsip\system\BaseModel.php(622): CodeIgniter\Model->doFirst()
#6 C:\xampp\htdocs\Arsip\app\Controllers\SatuanArsip.php(82): CodeIgniter\BaseModel->first()
#7 C:\xampp\htdocs\Arsip\system\CodeIgniter.php(825): App\Controllers\SatuanArsip->editData('SATUAN-621a381a...')
#8 C:\xampp\htdocs\Arsip\system\CodeIgniter.php(412): CodeIgniter\CodeIgniter->runController(Object(App\Controllers\SatuanArsip))
#9 C:\xampp\htdocs\Arsip\system\CodeIgniter.php(320): CodeIgniter\CodeIgniter->handleRequest(NULL, Object(Config\Cache), false)
#10 C:\xampp\htdocs\Arsip\public\index.php(37): CodeIgniter\CodeIgniter->run()
#11 C:\xampp\htdocs\Arsip\system\Commands\Server\rewrite.php(43): require_once('C:\\xampp\\htdocs...')
#12 {main}
