ERROR - 2022-03-22 19:57:55 --> Unknown column 'nama' in 'where clause'
CRITICAL - 2022-03-22 19:57:55 --> Unknown column 'nama' in 'where clause'
#0 C:\xampp\htdocs\Arsip\system\Database\MySQLi\Connection.php(292): mysqli->query('SELECT COUNT(*)...', 0)
#1 C:\xampp\htdocs\Arsip\system\Database\BaseConnection.php(670): CodeIgniter\Database\MySQLi\Connection->execute('SELECT COUNT(*)...')
#2 C:\xampp\htdocs\Arsip\system\Database\BaseConnection.php(598): CodeIgniter\Database\BaseConnection->simpleQuery('SELECT COUNT(*)...')
#3 C:\xampp\htdocs\Arsip\system\Database\BaseBuilder.php(1539): CodeIgniter\Database\BaseConnection->query('SELECT COUNT(*)...', Array, false)
#4 C:\xampp\htdocs\Arsip\system\Model.php(509): CodeIgniter\Database\BaseBuilder->countAllResults(false)
#5 C:\xampp\htdocs\Arsip\system\BaseModel.php(1084): CodeIgniter\Model->countAllResults(false)
#6 C:\xampp\htdocs\Arsip\app\Controllers\KlasifikasiArsip.php(52): CodeIgniter\BaseModel->paginate(20, 'tbl_klasifikasi')
#7 C:\xampp\htdocs\Arsip\system\CodeIgniter.php(825): App\Controllers\KlasifikasiArsip->index()
#8 C:\xampp\htdocs\Arsip\system\CodeIgniter.php(412): CodeIgniter\CodeIgniter->runController(Object(App\Controllers\KlasifikasiArsip))
#9 C:\xampp\htdocs\Arsip\system\CodeIgniter.php(320): CodeIgniter\CodeIgniter->handleRequest(NULL, Object(Config\Cache), false)
#10 C:\xampp\htdocs\Arsip\public\index.php(37): CodeIgniter\CodeIgniter->run()
#11 C:\xampp\htdocs\Arsip\system\Commands\Server\rewrite.php(43): require_once('C:\\xampp\\htdocs...')
#12 {main}
ERROR - 2022-03-22 19:58:02 --> Unknown column 'nama' in 'where clause'
CRITICAL - 2022-03-22 19:58:02 --> Unknown column 'nama' in 'where clause'
#0 C:\xampp\htdocs\Arsip\system\Database\MySQLi\Connection.php(292): mysqli->query('SELECT COUNT(*)...', 0)
#1 C:\xampp\htdocs\Arsip\system\Database\BaseConnection.php(670): CodeIgniter\Database\MySQLi\Connection->execute('SELECT COUNT(*)...')
#2 C:\xampp\htdocs\Arsip\system\Database\BaseConnection.php(598): CodeIgniter\Database\BaseConnection->simpleQuery('SELECT COUNT(*)...')
#3 C:\xampp\htdocs\Arsip\system\Database\BaseBuilder.php(1539): CodeIgniter\Database\BaseConnection->query('SELECT COUNT(*)...', Array, false)
#4 C:\xampp\htdocs\Arsip\system\Model.php(509): CodeIgniter\Database\BaseBuilder->countAllResults(false)
#5 C:\xampp\htdocs\Arsip\system\BaseModel.php(1084): CodeIgniter\Model->countAllResults(false)
#6 C:\xampp\htdocs\Arsip\app\Controllers\KlasifikasiArsip.php(52): CodeIgniter\BaseModel->paginate(20, 'tbl_klasifikasi')
#7 C:\xampp\htdocs\Arsip\system\CodeIgniter.php(825): App\Controllers\KlasifikasiArsip->index()
#8 C:\xampp\htdocs\Arsip\system\CodeIgniter.php(412): CodeIgniter\CodeIgniter->runController(Object(App\Controllers\KlasifikasiArsip))
#9 C:\xampp\htdocs\Arsip\system\CodeIgniter.php(320): CodeIgniter\CodeIgniter->handleRequest(NULL, Object(Config\Cache), false)
#10 C:\xampp\htdocs\Arsip\public\index.php(37): CodeIgniter\CodeIgniter->run()
#11 C:\xampp\htdocs\Arsip\system\Commands\Server\rewrite.php(43): require_once('C:\\xampp\\htdocs...')
#12 {main}
ERROR - 2022-03-22 19:58:14 --> Unknown column 'nama' in 'where clause'
CRITICAL - 2022-03-22 19:58:14 --> Unknown column 'nama' in 'where clause'
#0 C:\xampp\htdocs\Arsip\system\Database\MySQLi\Connection.php(292): mysqli->query('SELECT COUNT(*)...', 0)
#1 C:\xampp\htdocs\Arsip\system\Database\BaseConnection.php(670): CodeIgniter\Database\MySQLi\Connection->execute('SELECT COUNT(*)...')
#2 C:\xampp\htdocs\Arsip\system\Database\BaseConnection.php(598): CodeIgniter\Database\BaseConnection->simpleQuery('SELECT COUNT(*)...')
#3 C:\xampp\htdocs\Arsip\system\Database\BaseBuilder.php(1539): CodeIgniter\Database\BaseConnection->query('SELECT COUNT(*)...', Array, false)
#4 C:\xampp\htdocs\Arsip\system\Model.php(509): CodeIgniter\Database\BaseBuilder->countAllResults(false)
#5 C:\xampp\htdocs\Arsip\system\BaseModel.php(1084): CodeIgniter\Model->countAllResults(false)
#6 C:\xampp\htdocs\Arsip\app\Controllers\KlasifikasiArsip.php(52): CodeIgniter\BaseModel->paginate(20, 'tbl_klasifikasi')
#7 C:\xampp\htdocs\Arsip\system\CodeIgniter.php(825): App\Controllers\KlasifikasiArsip->index()
#8 C:\xampp\htdocs\Arsip\system\CodeIgniter.php(412): CodeIgniter\CodeIgniter->runController(Object(App\Controllers\KlasifikasiArsip))
#9 C:\xampp\htdocs\Arsip\system\CodeIgniter.php(320): CodeIgniter\CodeIgniter->handleRequest(NULL, Object(Config\Cache), false)
#10 C:\xampp\htdocs\Arsip\public\index.php(37): CodeIgniter\CodeIgniter->run()
#11 C:\xampp\htdocs\Arsip\system\Commands\Server\rewrite.php(43): require_once('C:\\xampp\\htdocs...')
#12 {main}
ERROR - 2022-03-22 19:58:24 --> Unknown column 'nama' in 'where clause'
CRITICAL - 2022-03-22 19:58:24 --> Unknown column 'nama' in 'where clause'
#0 C:\xampp\htdocs\Arsip\system\Database\MySQLi\Connection.php(292): mysqli->query('SELECT COUNT(*)...', 0)
#1 C:\xampp\htdocs\Arsip\system\Database\BaseConnection.php(670): CodeIgniter\Database\MySQLi\Connection->execute('SELECT COUNT(*)...')
#2 C:\xampp\htdocs\Arsip\system\Database\BaseConnection.php(598): CodeIgniter\Database\BaseConnection->simpleQuery('SELECT COUNT(*)...')
#3 C:\xampp\htdocs\Arsip\system\Database\BaseBuilder.php(1539): CodeIgniter\Database\BaseConnection->query('SELECT COUNT(*)...', Array, false)
#4 C:\xampp\htdocs\Arsip\system\Model.php(509): CodeIgniter\Database\BaseBuilder->countAllResults(false)
#5 C:\xampp\htdocs\Arsip\system\BaseModel.php(1084): CodeIgniter\Model->countAllResults(false)
#6 C:\xampp\htdocs\Arsip\app\Controllers\PerkembanganArsip.php(45): CodeIgniter\BaseModel->paginate(20, 'tbl_perkembanga...')
#7 C:\xampp\htdocs\Arsip\system\CodeIgniter.php(825): App\Controllers\PerkembanganArsip->index()
#8 C:\xampp\htdocs\Arsip\system\CodeIgniter.php(412): CodeIgniter\CodeIgniter->runController(Object(App\Controllers\PerkembanganArsip))
#9 C:\xampp\htdocs\Arsip\system\CodeIgniter.php(320): CodeIgniter\CodeIgniter->handleRequest(NULL, Object(Config\Cache), false)
#10 C:\xampp\htdocs\Arsip\public\index.php(37): CodeIgniter\CodeIgniter->run()
#11 C:\xampp\htdocs\Arsip\system\Commands\Server\rewrite.php(43): require_once('C:\\xampp\\htdocs...')
#12 {main}
ERROR - 2022-03-22 19:58:41 --> Unknown column 'nama' in 'where clause'
CRITICAL - 2022-03-22 19:58:41 --> Unknown column 'nama' in 'where clause'
#0 C:\xampp\htdocs\Arsip\system\Database\MySQLi\Connection.php(292): mysqli->query('SELECT COUNT(*)...', 0)
#1 C:\xampp\htdocs\Arsip\system\Database\BaseConnection.php(670): CodeIgniter\Database\MySQLi\Connection->execute('SELECT COUNT(*)...')
#2 C:\xampp\htdocs\Arsip\system\Database\BaseConnection.php(598): CodeIgniter\Database\BaseConnection->simpleQuery('SELECT COUNT(*)...')
#3 C:\xampp\htdocs\Arsip\system\Database\BaseBuilder.php(1539): CodeIgniter\Database\BaseConnection->query('SELECT COUNT(*)...', Array, false)
#4 C:\xampp\htdocs\Arsip\system\Model.php(509): CodeIgniter\Database\BaseBuilder->countAllResults(false)
#5 C:\xampp\htdocs\Arsip\system\BaseModel.php(1084): CodeIgniter\Model->countAllResults(false)
#6 C:\xampp\htdocs\Arsip\app\Controllers\PerkembanganArsip.php(45): CodeIgniter\BaseModel->paginate(20, 'tbl_perkembanga...')
#7 C:\xampp\htdocs\Arsip\system\CodeIgniter.php(825): App\Controllers\PerkembanganArsip->index()
#8 C:\xampp\htdocs\Arsip\system\CodeIgniter.php(412): CodeIgniter\CodeIgniter->runController(Object(App\Controllers\PerkembanganArsip))
#9 C:\xampp\htdocs\Arsip\system\CodeIgniter.php(320): CodeIgniter\CodeIgniter->handleRequest(NULL, Object(Config\Cache), false)
#10 C:\xampp\htdocs\Arsip\public\index.php(37): CodeIgniter\CodeIgniter->run()
#11 C:\xampp\htdocs\Arsip\system\Commands\Server\rewrite.php(43): require_once('C:\\xampp\\htdocs...')
#12 {main}
ERROR - 2022-03-22 20:01:55 --> Unknown column 'nama' in 'where clause'
CRITICAL - 2022-03-22 20:01:55 --> Unknown column 'nama' in 'where clause'
#0 C:\xampp\htdocs\Arsip\system\Database\MySQLi\Connection.php(292): mysqli->query('SELECT COUNT(*)...', 0)
#1 C:\xampp\htdocs\Arsip\system\Database\BaseConnection.php(670): CodeIgniter\Database\MySQLi\Connection->execute('SELECT COUNT(*)...')
#2 C:\xampp\htdocs\Arsip\system\Database\BaseConnection.php(598): CodeIgniter\Database\BaseConnection->simpleQuery('SELECT COUNT(*)...')
#3 C:\xampp\htdocs\Arsip\system\Database\BaseBuilder.php(1539): CodeIgniter\Database\BaseConnection->query('SELECT COUNT(*)...', Array, false)
#4 C:\xampp\htdocs\Arsip\system\Model.php(509): CodeIgniter\Database\BaseBuilder->countAllResults(false)
#5 C:\xampp\htdocs\Arsip\system\BaseModel.php(1084): CodeIgniter\Model->countAllResults(false)
#6 C:\xampp\htdocs\Arsip\app\Controllers\KlasifikasiArsip.php(52): CodeIgniter\BaseModel->paginate(20, 'tbl_klasifikasi')
#7 C:\xampp\htdocs\Arsip\system\CodeIgniter.php(825): App\Controllers\KlasifikasiArsip->index()
#8 C:\xampp\htdocs\Arsip\system\CodeIgniter.php(412): CodeIgniter\CodeIgniter->runController(Object(App\Controllers\KlasifikasiArsip))
#9 C:\xampp\htdocs\Arsip\system\CodeIgniter.php(320): CodeIgniter\CodeIgniter->handleRequest(NULL, Object(Config\Cache), false)
#10 C:\xampp\htdocs\Arsip\public\index.php(37): CodeIgniter\CodeIgniter->run()
#11 C:\xampp\htdocs\Arsip\system\Commands\Server\rewrite.php(43): require_once('C:\\xampp\\htdocs...')
#12 {main}
ERROR - 2022-03-22 20:02:28 --> Unknown column 'nama' in 'where clause'
CRITICAL - 2022-03-22 20:02:28 --> Unknown column 'nama' in 'where clause'
#0 C:\xampp\htdocs\Arsip\system\Database\MySQLi\Connection.php(292): mysqli->query('SELECT COUNT(*)...', 0)
#1 C:\xampp\htdocs\Arsip\system\Database\BaseConnection.php(670): CodeIgniter\Database\MySQLi\Connection->execute('SELECT COUNT(*)...')
#2 C:\xampp\htdocs\Arsip\system\Database\BaseConnection.php(598): CodeIgniter\Database\BaseConnection->simpleQuery('SELECT COUNT(*)...')
#3 C:\xampp\htdocs\Arsip\system\Database\BaseBuilder.php(1539): CodeIgniter\Database\BaseConnection->query('SELECT COUNT(*)...', Array, false)
#4 C:\xampp\htdocs\Arsip\system\Model.php(509): CodeIgniter\Database\BaseBuilder->countAllResults(false)
#5 C:\xampp\htdocs\Arsip\system\BaseModel.php(1084): CodeIgniter\Model->countAllResults(false)
#6 C:\xampp\htdocs\Arsip\app\Controllers\KlasifikasiArsip.php(52): CodeIgniter\BaseModel->paginate(20, 'tbl_klasifikasi')
#7 C:\xampp\htdocs\Arsip\system\CodeIgniter.php(825): App\Controllers\KlasifikasiArsip->index()
#8 C:\xampp\htdocs\Arsip\system\CodeIgniter.php(412): CodeIgniter\CodeIgniter->runController(Object(App\Controllers\KlasifikasiArsip))
#9 C:\xampp\htdocs\Arsip\system\CodeIgniter.php(320): CodeIgniter\CodeIgniter->handleRequest(NULL, Object(Config\Cache), false)
#10 C:\xampp\htdocs\Arsip\public\index.php(37): CodeIgniter\CodeIgniter->run()
#11 C:\xampp\htdocs\Arsip\system\Commands\Server\rewrite.php(43): require_once('C:\\xampp\\htdocs...')
#12 {main}
ERROR - 2022-03-22 20:03:01 --> Unknown column 'nama' in 'where clause'
CRITICAL - 2022-03-22 20:03:01 --> Unknown column 'nama' in 'where clause'
#0 C:\xampp\htdocs\Arsip\system\Database\MySQLi\Connection.php(292): mysqli->query('SELECT COUNT(*)...', 0)
#1 C:\xampp\htdocs\Arsip\system\Database\BaseConnection.php(670): CodeIgniter\Database\MySQLi\Connection->execute('SELECT COUNT(*)...')
#2 C:\xampp\htdocs\Arsip\system\Database\BaseConnection.php(598): CodeIgniter\Database\BaseConnection->simpleQuery('SELECT COUNT(*)...')
#3 C:\xampp\htdocs\Arsip\system\Database\BaseBuilder.php(1539): CodeIgniter\Database\BaseConnection->query('SELECT COUNT(*)...', Array, false)
#4 C:\xampp\htdocs\Arsip\system\Model.php(509): CodeIgniter\Database\BaseBuilder->countAllResults(false)
#5 C:\xampp\htdocs\Arsip\system\BaseModel.php(1084): CodeIgniter\Model->countAllResults(false)
#6 C:\xampp\htdocs\Arsip\app\Controllers\PerkembanganArsip.php(45): CodeIgniter\BaseModel->paginate(20, 'tbl_perkembanga...')
#7 C:\xampp\htdocs\Arsip\system\CodeIgniter.php(825): App\Controllers\PerkembanganArsip->index()
#8 C:\xampp\htdocs\Arsip\system\CodeIgniter.php(412): CodeIgniter\CodeIgniter->runController(Object(App\Controllers\PerkembanganArsip))
#9 C:\xampp\htdocs\Arsip\system\CodeIgniter.php(320): CodeIgniter\CodeIgniter->handleRequest(NULL, Object(Config\Cache), false)
#10 C:\xampp\htdocs\Arsip\public\index.php(37): CodeIgniter\CodeIgniter->run()
#11 C:\xampp\htdocs\Arsip\system\Commands\Server\rewrite.php(43): require_once('C:\\xampp\\htdocs...')
#12 {main}
ERROR - 2022-03-22 20:20:04 --> Cannot delete or update a parent row: a foreign key constraint fails (`arsip_db`.`tbl_arsip_inaktif`, CONSTRAINT `fk_kategori_arsip` FOREIGN KEY (`id_kategori_arsip`) REFERENCES `tbl_kategori_arsip` (`id_kategori_arsip`) ON UPDATE CASCADE)
ERROR - 2022-03-22 20:20:20 --> Cannot delete or update a parent row: a foreign key constraint fails (`arsip_db`.`tbl_arsip_inaktif`, CONSTRAINT `fk_kategori_arsip` FOREIGN KEY (`id_kategori_arsip`) REFERENCES `tbl_kategori_arsip` (`id_kategori_arsip`) ON UPDATE CASCADE)
ERROR - 2022-03-22 20:20:56 --> Cannot delete or update a parent row: a foreign key constraint fails (`arsip_db`.`tbl_arsip_inaktif`, CONSTRAINT `fk_kategori_arsip` FOREIGN KEY (`id_kategori_arsip`) REFERENCES `tbl_kategori_arsip` (`id_kategori_arsip`) ON UPDATE CASCADE)
ERROR - 2022-03-22 20:22:23 --> Cannot delete or update a parent row: a foreign key constraint fails (`arsip_db`.`tbl_arsip_inaktif`, CONSTRAINT `fk_kategori_arsip` FOREIGN KEY (`id_kategori_arsip`) REFERENCES `tbl_kategori_arsip` (`id_kategori_arsip`) ON UPDATE CASCADE)
ERROR - 2022-03-22 20:22:50 --> Cannot delete or update a parent row: a foreign key constraint fails (`arsip_db`.`tbl_arsip_inaktif`, CONSTRAINT `fk_id_klasifikasi` FOREIGN KEY (`id_klasifikasi`) REFERENCES `tbl_klasifikasi` (`id_klasifikasi`) ON UPDATE CASCADE)
