CRITICAL - 2022-02-27 11:35:41 --> Call to a member function links() on null
#0 C:\xampp\htdocs\Arsip\system\View\View.php(210): include()
#1 C:\xampp\htdocs\Arsip\system\View\View.php(213): CodeIgniter\View\View->CodeIgniter\View\{closure}()
#2 C:\xampp\htdocs\Arsip\system\Common.php(1089): CodeIgniter\View\View->render('InaktifArsip/In...', Array, true)
#3 C:\xampp\htdocs\Arsip\app\Controllers\InaktifArsip.php(52): view('InaktifArsip/In...', Array)
#4 C:\xampp\htdocs\Arsip\system\CodeIgniter.php(825): App\Controllers\InaktifArsip->index()
#5 C:\xampp\htdocs\Arsip\system\CodeIgniter.php(412): CodeIgniter\CodeIgniter->runController(Object(App\Controllers\InaktifArsip))
#6 C:\xampp\htdocs\Arsip\system\CodeIgniter.php(320): CodeIgniter\CodeIgniter->handleRequest(NULL, Object(Config\Cache), false)
#7 C:\xampp\htdocs\Arsip\public\index.php(37): CodeIgniter\CodeIgniter->run()
#8 C:\xampp\htdocs\Arsip\system\Commands\Server\rewrite.php(43): require_once('C:\\xampp\\htdocs...')
#9 {main}
ERROR - 2022-02-27 11:36:45 --> Unknown column 'judul' in 'where clause'
CRITICAL - 2022-02-27 11:36:45 --> Unknown column 'judul' in 'where clause'
#0 C:\xampp\htdocs\Arsip\system\Database\MySQLi\Connection.php(292): mysqli->query('SELECT COUNT(*)...', 0)
#1 C:\xampp\htdocs\Arsip\system\Database\BaseConnection.php(670): CodeIgniter\Database\MySQLi\Connection->execute('SELECT COUNT(*)...')
#2 C:\xampp\htdocs\Arsip\system\Database\BaseConnection.php(598): CodeIgniter\Database\BaseConnection->simpleQuery('SELECT COUNT(*)...')
#3 C:\xampp\htdocs\Arsip\system\Database\BaseBuilder.php(1539): CodeIgniter\Database\BaseConnection->query('SELECT COUNT(*)...', Array, false)
#4 C:\xampp\htdocs\Arsip\system\Model.php(509): CodeIgniter\Database\BaseBuilder->countAllResults(false)
#5 C:\xampp\htdocs\Arsip\system\BaseModel.php(1084): CodeIgniter\Model->countAllResults(false)
#6 C:\xampp\htdocs\Arsip\app\Controllers\InaktifArsip.php(47): CodeIgniter\BaseModel->paginate(1, 'tbl_arsip_inakt...')
#7 C:\xampp\htdocs\Arsip\system\CodeIgniter.php(825): App\Controllers\InaktifArsip->index()
#8 C:\xampp\htdocs\Arsip\system\CodeIgniter.php(412): CodeIgniter\CodeIgniter->runController(Object(App\Controllers\InaktifArsip))
#9 C:\xampp\htdocs\Arsip\system\CodeIgniter.php(320): CodeIgniter\CodeIgniter->handleRequest(NULL, Object(Config\Cache), false)
#10 C:\xampp\htdocs\Arsip\public\index.php(37): CodeIgniter\CodeIgniter->run()
#11 C:\xampp\htdocs\Arsip\system\Commands\Server\rewrite.php(43): require_once('C:\\xampp\\htdocs...')
#12 {main}
CRITICAL - 2022-02-27 11:49:52 --> Undefined index: nama
#0 C:\xampp\htdocs\Arsip\app\Views\KlasifikasiArsip\EditDataKlasifikasiView.php(26): CodeIgniter\Debug\Exceptions->errorHandler(8, 'Undefined index...', 'C:\\xampp\\htdocs...', 26, Array)
#1 C:\xampp\htdocs\Arsip\system\View\View.php(210): include('C:\\xampp\\htdocs...')
#2 C:\xampp\htdocs\Arsip\system\View\View.php(213): CodeIgniter\View\View->CodeIgniter\View\{closure}()
#3 C:\xampp\htdocs\Arsip\system\Common.php(1089): CodeIgniter\View\View->render('KlasifikasiArsi...', Array, true)
#4 C:\xampp\htdocs\Arsip\app\Controllers\KlasifikasiArsip.php(103): view('KlasifikasiArsi...', Array)
#5 C:\xampp\htdocs\Arsip\system\CodeIgniter.php(825): App\Controllers\KlasifikasiArsip->editData('KLASIFIKASI-621...')
#6 C:\xampp\htdocs\Arsip\system\CodeIgniter.php(412): CodeIgniter\CodeIgniter->runController(Object(App\Controllers\KlasifikasiArsip))
#7 C:\xampp\htdocs\Arsip\system\CodeIgniter.php(320): CodeIgniter\CodeIgniter->handleRequest(NULL, Object(Config\Cache), false)
#8 C:\xampp\htdocs\Arsip\public\index.php(37): CodeIgniter\CodeIgniter->run()
#9 C:\xampp\htdocs\Arsip\system\Commands\Server\rewrite.php(43): require_once('C:\\xampp\\htdocs...')
#10 {main}
CRITICAL - 2022-02-27 12:03:23 --> date_format() expects parameter 1 to be DateTimeInterface, string given
#0 [internal function]: CodeIgniter\Debug\Exceptions->errorHandler(2, 'date_format() e...', 'C:\\xampp\\htdocs...', 42, Array)
#1 C:\xampp\htdocs\Arsip\app\Views\InaktifArsip\InaktifArsipView.php(42): date_format('2022-02-27 11:1...', 'Y-m-d')
#2 C:\xampp\htdocs\Arsip\system\View\View.php(210): include('C:\\xampp\\htdocs...')
#3 C:\xampp\htdocs\Arsip\system\View\View.php(213): CodeIgniter\View\View->CodeIgniter\View\{closure}()
#4 C:\xampp\htdocs\Arsip\system\Common.php(1089): CodeIgniter\View\View->render('InaktifArsip/In...', Array, true)
#5 C:\xampp\htdocs\Arsip\app\Controllers\InaktifArsip.php(57): view('InaktifArsip/In...', Array)
#6 C:\xampp\htdocs\Arsip\system\CodeIgniter.php(825): App\Controllers\InaktifArsip->index()
#7 C:\xampp\htdocs\Arsip\system\CodeIgniter.php(412): CodeIgniter\CodeIgniter->runController(Object(App\Controllers\InaktifArsip))
#8 C:\xampp\htdocs\Arsip\system\CodeIgniter.php(320): CodeIgniter\CodeIgniter->handleRequest(NULL, Object(Config\Cache), false)
#9 C:\xampp\htdocs\Arsip\public\index.php(37): CodeIgniter\CodeIgniter->run()
#10 C:\xampp\htdocs\Arsip\system\Commands\Server\rewrite.php(43): require_once('C:\\xampp\\htdocs...')
#11 {main}
CRITICAL - 2022-02-27 12:03:24 --> date_format() expects parameter 1 to be DateTimeInterface, string given
#0 [internal function]: CodeIgniter\Debug\Exceptions->errorHandler(2, 'date_format() e...', 'C:\\xampp\\htdocs...', 42, Array)
#1 C:\xampp\htdocs\Arsip\app\Views\InaktifArsip\InaktifArsipView.php(42): date_format('2022-02-27 11:1...', 'Y-m-d')
#2 C:\xampp\htdocs\Arsip\system\View\View.php(210): include('C:\\xampp\\htdocs...')
#3 C:\xampp\htdocs\Arsip\system\View\View.php(213): CodeIgniter\View\View->CodeIgniter\View\{closure}()
#4 C:\xampp\htdocs\Arsip\system\Common.php(1089): CodeIgniter\View\View->render('InaktifArsip/In...', Array, true)
#5 C:\xampp\htdocs\Arsip\app\Controllers\InaktifArsip.php(57): view('InaktifArsip/In...', Array)
#6 C:\xampp\htdocs\Arsip\system\CodeIgniter.php(825): App\Controllers\InaktifArsip->index()
#7 C:\xampp\htdocs\Arsip\system\CodeIgniter.php(412): CodeIgniter\CodeIgniter->runController(Object(App\Controllers\InaktifArsip))
#8 C:\xampp\htdocs\Arsip\system\CodeIgniter.php(320): CodeIgniter\CodeIgniter->handleRequest(NULL, Object(Config\Cache), false)
#9 C:\xampp\htdocs\Arsip\public\index.php(37): CodeIgniter\CodeIgniter->run()
#10 C:\xampp\htdocs\Arsip\system\Commands\Server\rewrite.php(43): require_once('C:\\xampp\\htdocs...')
#11 {main}
CRITICAL - 2022-02-27 12:04:00 --> date() expects parameter 2 to be int, string given
#0 [internal function]: CodeIgniter\Debug\Exceptions->errorHandler(2, 'date() expects ...', 'C:\\xampp\\htdocs...', 42, Array)
#1 C:\xampp\htdocs\Arsip\app\Views\InaktifArsip\InaktifArsipView.php(42): date('1645935321', 'Y-m-d')
#2 C:\xampp\htdocs\Arsip\system\View\View.php(210): include('C:\\xampp\\htdocs...')
#3 C:\xampp\htdocs\Arsip\system\View\View.php(213): CodeIgniter\View\View->CodeIgniter\View\{closure}()
#4 C:\xampp\htdocs\Arsip\system\Common.php(1089): CodeIgniter\View\View->render('InaktifArsip/In...', Array, true)
#5 C:\xampp\htdocs\Arsip\app\Controllers\InaktifArsip.php(57): view('InaktifArsip/In...', Array)
#6 C:\xampp\htdocs\Arsip\system\CodeIgniter.php(825): App\Controllers\InaktifArsip->index()
#7 C:\xampp\htdocs\Arsip\system\CodeIgniter.php(412): CodeIgniter\CodeIgniter->runController(Object(App\Controllers\InaktifArsip))
#8 C:\xampp\htdocs\Arsip\system\CodeIgniter.php(320): CodeIgniter\CodeIgniter->handleRequest(NULL, Object(Config\Cache), false)
#9 C:\xampp\htdocs\Arsip\public\index.php(37): CodeIgniter\CodeIgniter->run()
#10 C:\xampp\htdocs\Arsip\system\Commands\Server\rewrite.php(43): require_once('C:\\xampp\\htdocs...')
#11 {main}
CRITICAL - 2022-02-27 12:04:25 --> A non well formed numeric value encountered
#0 [internal function]: CodeIgniter\Debug\Exceptions->errorHandler(8, 'A non well form...', 'C:\\xampp\\htdocs...', 42, Array)
#1 C:\xampp\htdocs\Arsip\app\Views\InaktifArsip\InaktifArsipView.php(42): strtotime('Y-m-d', '2022-02-27 11:1...')
#2 C:\xampp\htdocs\Arsip\system\View\View.php(210): include('C:\\xampp\\htdocs...')
#3 C:\xampp\htdocs\Arsip\system\View\View.php(213): CodeIgniter\View\View->CodeIgniter\View\{closure}()
#4 C:\xampp\htdocs\Arsip\system\Common.php(1089): CodeIgniter\View\View->render('InaktifArsip/In...', Array, true)
#5 C:\xampp\htdocs\Arsip\app\Controllers\InaktifArsip.php(57): view('InaktifArsip/In...', Array)
#6 C:\xampp\htdocs\Arsip\system\CodeIgniter.php(825): App\Controllers\InaktifArsip->index()
#7 C:\xampp\htdocs\Arsip\system\CodeIgniter.php(412): CodeIgniter\CodeIgniter->runController(Object(App\Controllers\InaktifArsip))
#8 C:\xampp\htdocs\Arsip\system\CodeIgniter.php(320): CodeIgniter\CodeIgniter->handleRequest(NULL, Object(Config\Cache), false)
#9 C:\xampp\htdocs\Arsip\public\index.php(37): CodeIgniter\CodeIgniter->run()
#10 C:\xampp\htdocs\Arsip\system\Commands\Server\rewrite.php(43): require_once('C:\\xampp\\htdocs...')
#11 {main}
CRITICAL - 2022-02-27 12:14:20 --> syntax error, unexpected '->' (T_OBJECT_OPERATOR), expecting ';' or ','
#0 C:\xampp\htdocs\Arsip\system\View\View.php(213): CodeIgniter\View\View->CodeIgniter\View\{closure}()
#1 C:\xampp\htdocs\Arsip\system\Common.php(1089): CodeIgniter\View\View->render('InaktifArsip/In...', Array, true)
#2 C:\xampp\htdocs\Arsip\app\Controllers\InaktifArsip.php(57): view('InaktifArsip/In...', Array)
#3 C:\xampp\htdocs\Arsip\system\CodeIgniter.php(825): App\Controllers\InaktifArsip->index()
#4 C:\xampp\htdocs\Arsip\system\CodeIgniter.php(412): CodeIgniter\CodeIgniter->runController(Object(App\Controllers\InaktifArsip))
#5 C:\xampp\htdocs\Arsip\system\CodeIgniter.php(320): CodeIgniter\CodeIgniter->handleRequest(NULL, Object(Config\Cache), false)
#6 C:\xampp\htdocs\Arsip\public\index.php(37): CodeIgniter\CodeIgniter->run()
#7 C:\xampp\htdocs\Arsip\system\Commands\Server\rewrite.php(43): require_once('C:\\xampp\\htdocs...')
#8 {main}
CRITICAL - 2022-02-27 13:30:35 --> preg_match(): Unknown modifier 'g'
#0 [internal function]: CodeIgniter\Debug\Exceptions->errorHandler(2, 'preg_match(): U...', 'C:\\xampp\\htdocs...', 171, Array)
#1 C:\xampp\htdocs\Arsip\system\Validation\FormatRules.php(171): preg_match('/^[ID Perkemban...', 'KLASIFIKASI-621...')
#2 C:\xampp\htdocs\Arsip\system\Validation\Validation.php(292): CodeIgniter\Validation\FormatRules->regex_match('KLASIFIKASI-621...', '/^[ID Perkemban...', Array, NULL)
#3 C:\xampp\htdocs\Arsip\system\Validation\Validation.php(157): CodeIgniter\Validation\Validation->processRules('klasifikasi', 'Klasifikasi', 'KLASIFIKASI-621...', Array, Array)
#4 C:\xampp\htdocs\Arsip\app\Controllers\InaktifArsip.php(83): CodeIgniter\Validation\Validation->run()
#5 C:\xampp\htdocs\Arsip\system\CodeIgniter.php(825): App\Controllers\InaktifArsip->getDataInaktif()
#6 C:\xampp\htdocs\Arsip\system\CodeIgniter.php(412): CodeIgniter\CodeIgniter->runController(Object(App\Controllers\InaktifArsip))
#7 C:\xampp\htdocs\Arsip\system\CodeIgniter.php(320): CodeIgniter\CodeIgniter->handleRequest(NULL, Object(Config\Cache), false)
#8 C:\xampp\htdocs\Arsip\public\index.php(37): CodeIgniter\CodeIgniter->run()
#9 C:\xampp\htdocs\Arsip\system\Commands\Server\rewrite.php(43): require_once('C:\\xampp\\htdocs...')
#10 {main}
CRITICAL - 2022-02-27 20:26:34 --> A non well formed numeric value encountered
#0 [internal function]: CodeIgniter\Debug\Exceptions->errorHandler(8, 'A non well form...', 'C:\\xampp\\htdocs...', 171, Array)
#1 C:\xampp\htdocs\Arsip\app\Controllers\InaktifArsip.php(171): strtotime('2022-02-27 20:2...', '+2 years')
#2 C:\xampp\htdocs\Arsip\system\CodeIgniter.php(825): App\Controllers\InaktifArsip->getDataInaktif()
#3 C:\xampp\htdocs\Arsip\system\CodeIgniter.php(412): CodeIgniter\CodeIgniter->runController(Object(App\Controllers\InaktifArsip))
#4 C:\xampp\htdocs\Arsip\system\CodeIgniter.php(320): CodeIgniter\CodeIgniter->handleRequest(NULL, Object(Config\Cache), false)
#5 C:\xampp\htdocs\Arsip\public\index.php(37): CodeIgniter\CodeIgniter->run()
#6 C:\xampp\htdocs\Arsip\system\Commands\Server\rewrite.php(43): require_once('C:\\xampp\\htdocs...')
#7 {main}
CRITICAL - 2022-02-27 20:27:02 --> A non well formed numeric value encountered
#0 [internal function]: CodeIgniter\Debug\Exceptions->errorHandler(8, 'A non well form...', 'C:\\xampp\\htdocs...', 171, Array)
#1 C:\xampp\htdocs\Arsip\app\Controllers\InaktifArsip.php(171): strtotime('2022-02-27 20:2...', '+2 years')
#2 C:\xampp\htdocs\Arsip\system\CodeIgniter.php(825): App\Controllers\InaktifArsip->getDataInaktif()
#3 C:\xampp\htdocs\Arsip\system\CodeIgniter.php(412): CodeIgniter\CodeIgniter->runController(Object(App\Controllers\InaktifArsip))
#4 C:\xampp\htdocs\Arsip\system\CodeIgniter.php(320): CodeIgniter\CodeIgniter->handleRequest(NULL, Object(Config\Cache), false)
#5 C:\xampp\htdocs\Arsip\public\index.php(37): CodeIgniter\CodeIgniter->run()
#6 C:\xampp\htdocs\Arsip\system\Commands\Server\rewrite.php(43): require_once('C:\\xampp\\htdocs...')
#7 {main}
CRITICAL - 2022-02-27 20:27:15 --> A non well formed numeric value encountered
#0 [internal function]: CodeIgniter\Debug\Exceptions->errorHandler(8, 'A non well form...', 'C:\\xampp\\htdocs...', 171, Array)
#1 C:\xampp\htdocs\Arsip\app\Controllers\InaktifArsip.php(171): strtotime('2022-02-27 20:2...', '+2 years')
#2 C:\xampp\htdocs\Arsip\system\CodeIgniter.php(825): App\Controllers\InaktifArsip->getDataInaktif()
#3 C:\xampp\htdocs\Arsip\system\CodeIgniter.php(412): CodeIgniter\CodeIgniter->runController(Object(App\Controllers\InaktifArsip))
#4 C:\xampp\htdocs\Arsip\system\CodeIgniter.php(320): CodeIgniter\CodeIgniter->handleRequest(NULL, Object(Config\Cache), false)
#5 C:\xampp\htdocs\Arsip\public\index.php(37): CodeIgniter\CodeIgniter->run()
#6 C:\xampp\htdocs\Arsip\system\Commands\Server\rewrite.php(43): require_once('C:\\xampp\\htdocs...')
#7 {main}
CRITICAL - 2022-02-27 21:12:44 --> Undefined variable: detailKategori
#0 C:\xampp\htdocs\Arsip\app\Views\KategoriArsip\EditDataKategoriView.php(14): CodeIgniter\Debug\Exceptions->errorHandler(8, 'Undefined varia...', 'C:\\xampp\\htdocs...', 14, Array)
#1 C:\xampp\htdocs\Arsip\system\View\View.php(210): include('C:\\xampp\\htdocs...')
#2 C:\xampp\htdocs\Arsip\system\View\View.php(213): CodeIgniter\View\View->CodeIgniter\View\{closure}()
#3 C:\xampp\htdocs\Arsip\system\Common.php(1089): CodeIgniter\View\View->render('KategoriArsip/E...', Array, true)
#4 C:\xampp\htdocs\Arsip\app\Controllers\InaktifArsip.php(245): view('KategoriArsip/E...', Array)
#5 C:\xampp\htdocs\Arsip\system\CodeIgniter.php(825): App\Controllers\InaktifArsip->editData('INAKTIF-621afba...')
#6 C:\xampp\htdocs\Arsip\system\CodeIgniter.php(412): CodeIgniter\CodeIgniter->runController(Object(App\Controllers\InaktifArsip))
#7 C:\xampp\htdocs\Arsip\system\CodeIgniter.php(320): CodeIgniter\CodeIgniter->handleRequest(NULL, Object(Config\Cache), false)
#8 C:\xampp\htdocs\Arsip\public\index.php(37): CodeIgniter\CodeIgniter->run()
#9 C:\xampp\htdocs\Arsip\system\Commands\Server\rewrite.php(43): require_once('C:\\xampp\\htdocs...')
#10 {main}
CRITICAL - 2022-02-27 21:13:07 --> Undefined variable: detailKategori
#0 C:\xampp\htdocs\Arsip\app\Views\KategoriArsip\EditDataKategoriView.php(14): CodeIgniter\Debug\Exceptions->errorHandler(8, 'Undefined varia...', 'C:\\xampp\\htdocs...', 14, Array)
#1 C:\xampp\htdocs\Arsip\system\View\View.php(210): include('C:\\xampp\\htdocs...')
#2 C:\xampp\htdocs\Arsip\system\View\View.php(213): CodeIgniter\View\View->CodeIgniter\View\{closure}()
#3 C:\xampp\htdocs\Arsip\system\Common.php(1089): CodeIgniter\View\View->render('KategoriArsip/E...', Array, true)
#4 C:\xampp\htdocs\Arsip\app\Controllers\InaktifArsip.php(250): view('KategoriArsip/E...', Array)
#5 C:\xampp\htdocs\Arsip\system\CodeIgniter.php(825): App\Controllers\InaktifArsip->editData('INAKTIF-621afba...')
#6 C:\xampp\htdocs\Arsip\system\CodeIgniter.php(412): CodeIgniter\CodeIgniter->runController(Object(App\Controllers\InaktifArsip))
#7 C:\xampp\htdocs\Arsip\system\CodeIgniter.php(320): CodeIgniter\CodeIgniter->handleRequest(NULL, Object(Config\Cache), false)
#8 C:\xampp\htdocs\Arsip\public\index.php(37): CodeIgniter\CodeIgniter->run()
#9 C:\xampp\htdocs\Arsip\system\Commands\Server\rewrite.php(43): require_once('C:\\xampp\\htdocs...')
#10 {main}
CRITICAL - 2022-02-27 21:13:10 --> Undefined variable: detailKategori
#0 C:\xampp\htdocs\Arsip\app\Views\KategoriArsip\EditDataKategoriView.php(14): CodeIgniter\Debug\Exceptions->errorHandler(8, 'Undefined varia...', 'C:\\xampp\\htdocs...', 14, Array)
#1 C:\xampp\htdocs\Arsip\system\View\View.php(210): include('C:\\xampp\\htdocs...')
#2 C:\xampp\htdocs\Arsip\system\View\View.php(213): CodeIgniter\View\View->CodeIgniter\View\{closure}()
#3 C:\xampp\htdocs\Arsip\system\Common.php(1089): CodeIgniter\View\View->render('KategoriArsip/E...', Array, true)
#4 C:\xampp\htdocs\Arsip\app\Controllers\InaktifArsip.php(250): view('KategoriArsip/E...', Array)
#5 C:\xampp\htdocs\Arsip\system\CodeIgniter.php(825): App\Controllers\InaktifArsip->editData('INAKTIF-621afba...')
#6 C:\xampp\htdocs\Arsip\system\CodeIgniter.php(412): CodeIgniter\CodeIgniter->runController(Object(App\Controllers\InaktifArsip))
#7 C:\xampp\htdocs\Arsip\system\CodeIgniter.php(320): CodeIgniter\CodeIgniter->handleRequest(NULL, Object(Config\Cache), false)
#8 C:\xampp\htdocs\Arsip\public\index.php(37): CodeIgniter\CodeIgniter->run()
#9 C:\xampp\htdocs\Arsip\system\Commands\Server\rewrite.php(43): require_once('C:\\xampp\\htdocs...')
#10 {main}
CRITICAL - 2022-02-27 21:13:39 --> Undefined variable: detailKategori
#0 C:\xampp\htdocs\Arsip\app\Views\KategoriArsip\EditDataKategoriView.php(14): CodeIgniter\Debug\Exceptions->errorHandler(8, 'Undefined varia...', 'C:\\xampp\\htdocs...', 14, Array)
#1 C:\xampp\htdocs\Arsip\system\View\View.php(210): include('C:\\xampp\\htdocs...')
#2 C:\xampp\htdocs\Arsip\system\View\View.php(213): CodeIgniter\View\View->CodeIgniter\View\{closure}()
#3 C:\xampp\htdocs\Arsip\system\Common.php(1089): CodeIgniter\View\View->render('KategoriArsip/E...', Array, true)
#4 C:\xampp\htdocs\Arsip\app\Controllers\InaktifArsip.php(250): view('KategoriArsip/E...', Array)
#5 C:\xampp\htdocs\Arsip\system\CodeIgniter.php(825): App\Controllers\InaktifArsip->editData('INAKTIF-621afba...')
#6 C:\xampp\htdocs\Arsip\system\CodeIgniter.php(412): CodeIgniter\CodeIgniter->runController(Object(App\Controllers\InaktifArsip))
#7 C:\xampp\htdocs\Arsip\system\CodeIgniter.php(320): CodeIgniter\CodeIgniter->handleRequest(NULL, Object(Config\Cache), false)
#8 C:\xampp\htdocs\Arsip\public\index.php(37): CodeIgniter\CodeIgniter->run()
#9 C:\xampp\htdocs\Arsip\system\Commands\Server\rewrite.php(43): require_once('C:\\xampp\\htdocs...')
#10 {main}
ERROR - 2022-02-27 21:53:29 --> Cannot delete or update a parent row: a foreign key constraint fails (`arsip_db`.`tbl_arsip_inaktif`, CONSTRAINT `fk_id_perkembangan` FOREIGN KEY (`id_perkembangan`) REFERENCES `tbl_perkembangan` (`id_perkembangan`) ON UPDATE CASCADE)
CRITICAL - 2022-02-27 21:53:29 --> Cannot delete or update a parent row: a foreign key constraint fails (`arsip_db`.`tbl_arsip_inaktif`, CONSTRAINT `fk_id_perkembangan` FOREIGN KEY (`id_perkembangan`) REFERENCES `tbl_perkembangan` (`id_perkembangan`) ON UPDATE CASCADE)
#0 C:\xampp\htdocs\Arsip\system\Database\MySQLi\Connection.php(292): mysqli->query('DELETE FROM `tb...', 0)
#1 C:\xampp\htdocs\Arsip\system\Database\BaseConnection.php(670): CodeIgniter\Database\MySQLi\Connection->execute('DELETE FROM `tb...')
#2 C:\xampp\htdocs\Arsip\system\Database\BaseConnection.php(598): CodeIgniter\Database\BaseConnection->simpleQuery('DELETE FROM `tb...')
#3 C:\xampp\htdocs\Arsip\system\Database\BaseBuilder.php(2225): CodeIgniter\Database\BaseConnection->query('DELETE FROM `tb...', Array, false)
#4 C:\xampp\htdocs\Arsip\system\Model.php(359): CodeIgniter\Database\BaseBuilder->delete()
#5 C:\xampp\htdocs\Arsip\system\BaseModel.php(963): CodeIgniter\Model->doDelete(NULL, false)
#6 C:\xampp\htdocs\Arsip\app\Controllers\PerkembanganArsip.php(89): CodeIgniter\BaseModel->delete()
#7 C:\xampp\htdocs\Arsip\system\CodeIgniter.php(825): App\Controllers\PerkembanganArsip->hapusDataPerkembangan()
#8 C:\xampp\htdocs\Arsip\system\CodeIgniter.php(412): CodeIgniter\CodeIgniter->runController(Object(App\Controllers\PerkembanganArsip))
#9 C:\xampp\htdocs\Arsip\system\CodeIgniter.php(320): CodeIgniter\CodeIgniter->handleRequest(NULL, Object(Config\Cache), false)
#10 C:\xampp\htdocs\Arsip\public\index.php(37): CodeIgniter\CodeIgniter->run()
#11 C:\xampp\htdocs\Arsip\system\Commands\Server\rewrite.php(43): require_once('C:\\xampp\\htdocs...')
#12 {main}
ERROR - 2022-02-27 21:54:20 --> Cannot delete or update a parent row: a foreign key constraint fails (`arsip_db`.`tbl_arsip_inaktif`, CONSTRAINT `fk_id_perkembangan` FOREIGN KEY (`id_perkembangan`) REFERENCES `tbl_perkembangan` (`id_perkembangan`) ON UPDATE CASCADE)
ERROR - 2022-02-27 21:55:36 --> Cannot delete or update a parent row: a foreign key constraint fails (`arsip_db`.`tbl_arsip_inaktif`, CONSTRAINT `fk_id_perkembangan` FOREIGN KEY (`id_perkembangan`) REFERENCES `tbl_perkembangan` (`id_perkembangan`) ON UPDATE CASCADE)
ERROR - 2022-02-27 21:59:01 --> Cannot delete or update a parent row: a foreign key constraint fails (`arsip_db`.`tbl_arsip_inaktif`, CONSTRAINT `fk_id_klasifikasi` FOREIGN KEY (`id_klasifikasi`) REFERENCES `tbl_klasifikasi` (`id_klasifikasi`) ON UPDATE CASCADE)
ERROR - 2022-02-27 21:59:06 --> Cannot delete or update a parent row: a foreign key constraint fails (`arsip_db`.`tbl_arsip_inaktif`, CONSTRAINT `fk_id_klasifikasi` FOREIGN KEY (`id_klasifikasi`) REFERENCES `tbl_klasifikasi` (`id_klasifikasi`) ON UPDATE CASCADE)
ERROR - 2022-02-27 22:00:51 --> Cannot delete or update a parent row: a foreign key constraint fails (`arsip_db`.`tbl_arsip_inaktif`, CONSTRAINT `fk_id_retensi` FOREIGN KEY (`id_retensi`) REFERENCES `tbl_retensi` (`id_retensi`) ON UPDATE CASCADE)
ERROR - 2022-02-27 22:03:00 --> Cannot delete or update a parent row: a foreign key constraint fails (`arsip_db`.`tbl_arsip_inaktif`, CONSTRAINT `fk_id_satuan` FOREIGN KEY (`id_satuan`) REFERENCES `tbl_satuan` (`id_satuan`) ON UPDATE CASCADE)
ERROR - 2022-02-27 22:04:25 --> Cannot delete or update a parent row: a foreign key constraint fails (`arsip_db`.`tbl_arsip_inaktif`, CONSTRAINT `fk_kategori_arsip` FOREIGN KEY (`id_kategori_arsip`) REFERENCES `tbl_kategori_arsip` (`id_kategori_arsip`) ON UPDATE CASCADE)
